<?xml version="1.0" encoding="UTF-8"?>
<!-- Generated by org.testng.reporters.JUnitReportReporter -->
<testsuite hostname="C6-LAB-224" failures="0" tests="3" name="Test.HomepageTest" time="26.129" errors="0" timestamp="2024-12-24T15:37:48 IST" skipped="0">
  <testcase classname="Test.HomepageTest" name="HomepTitle" time="7.349"/>
  <testcase classname="Test.HomepageTest" name="HomeplogoTest" time="10.106"/>
  <testcase classname="Test.HomepageTest" name="cliconHrmsTest" time="8.674"/>
</testsuite> <!-- Test.HomepageTest -->
