<?xml version="1.0" encoding="UTF-8"?>
<!-- Generated by org.testng.reporters.JUnitReportReporter -->
<testsuite hostname="C6-LAB-224" failures="0" tests="5" name="Test.HrmsTest" time="44.059" errors="0" timestamp="2025-01-22T11:15:24 IST" skipped="0">
  <testcase classname="Test.HrmsTest" name="LogoutTest" time="5.989"/>
  <testcase classname="Test.HrmsTest" name="ToggleBarTest" time="6.047"/>
  <testcase classname="Test.HrmsTest" name="ReloadTest" time="6.331"/>
  <testcase classname="Test.HrmsTest" name="clickonempmaster" time="7.625"/>
  <testcase classname="Test.HrmsTest" name="searchbarTest" time="18.067"/>
</testsuite> <!-- Test.HrmsTest -->
