<?xml version="1.0" encoding="UTF-8"?>
<!-- Generated by org.testng.reporters.JUnitReportReporter -->
<testsuite hostname="C6-LAB-224" failures="0" tests="1" name="Test.HomepageTest" time="9.225" errors="0" timestamp="2025-01-22T12:44:24 IST" skipped="0">
  <testcase classname="Test.HomepageTest" name="HomeplogoTest" time="9.225"/>
</testsuite> <!-- Test.HomepageTest -->
