<?xml version="1.0" encoding="UTF-8"?>
<!-- Generated by org.testng.reporters.JUnitReportReporter -->
<testsuite hostname="C6-LAB-224" failures="0" tests="4" name="Test.LoginpageTest" time="38.471" errors="0" timestamp="2024-12-09T14:48:53 IST" skipped="0">
  <testcase classname="Test.LoginpageTest" name="forgotPasswordTest" time="3.275"/>
  <testcase classname="Test.LoginpageTest" name="loginTest" time="5.794"/>
  <testcase classname="Test.LoginpageTest" name="SignUpTest" time="26.757"/>
  <testcase classname="Test.LoginpageTest" name="logoTest" time="2.645"/>
</testsuite> <!-- Test.LoginpageTest -->
