<?xml version="1.0" encoding="UTF-8"?>
<!-- Generated by org.testng.reporters.JUnitReportReporter -->
<testsuite hostname="C6-LAB-224" failures="0" tests="2" name="Test.EmployeeMasterTest" time="16.428" errors="0" timestamp="2025-01-06T17:21:53 IST" skipped="0">
  <testcase classname="Test.EmployeeMasterTest" name="campus_location_test" time="8.426"/>
  <testcase classname="Test.EmployeeMasterTest" name="campus_location_test" time="8.002"/>
</testsuite> <!-- Test.EmployeeMasterTest -->
