<?xml version="1.0" encoding="UTF-8"?>
<!-- Generated by org.testng.reporters.JUnitReportReporter -->
<testsuite hostname="C6-LAB-224" failures="0" tests="1" name="Test.EmployeeMasterTest" time="42.777" errors="0" timestamp="2025-01-22T11:53:50 IST" skipped="0">
  <testcase classname="Test.EmployeeMasterTest" name="EmployeeTest" time="42.777"/>
</testsuite> <!-- Test.EmployeeMasterTest -->
