<?xml version="1.0" encoding="UTF-8"?>
<!-- Generated by org.testng.reporters.JUnitReportReporter -->
<testsuite hostname="C6-LAB-224" failures="0" tests="1" name="Test.HrmsTest" time="7.352" errors="0" timestamp="2024-12-23T17:37:22 IST" skipped="0">
  <testcase classname="Test.HrmsTest" name="clickonempmaster" time="7.352"/>
</testsuite> <!-- Test.HrmsTest -->
